<?xml version="1.0" encoding="UTF-8"?>
<!-- Generated by org.testng.reporters.JUnitReportReporter -->
<testsuite hostname="LAPTOP-P3GKPMPI" failures="0" tests="1" name="tests.TestPost" time="1.935" errors="0" timestamp="2025-05-19T23:21:15 IST" skipped="0">
  <testcase classname="tests.TestPost" name="testPost" time="1.935"/>
</testsuite> <!-- tests.TestPost -->
