<?xml version="1.0" encoding="UTF-8"?>
<!-- Generated by org.testng.reporters.JUnitReportReporter -->
<testsuite hostname="LAPTOP-P3GKPMPI" failures="0" tests="1" name="tests.TestExample" time="1.671" errors="0" timestamp="2025-05-18T22:25:40 IST" skipped="0">
  <testcase classname="tests.TestExample" name="testListOfUsers" time="1.671"/>
</testsuite> <!-- tests.TestExample -->
